{"t":{"$date":"2024-03-27T23:00:52.125+00:00"},"s":"I",  "c":"CONTROL",  "id":23285,   "ctx":"main","msg":"Automatically disabling TLS 1.0, to force-enable TLS 1.0 specify --sslDisabledProtocols 'none'"}
{"t":{"$date":"2024-03-27T23:00:52.128+00:00"},"s":"I",  "c":"NETWORK",  "id":4915701, "ctx":"main","msg":"Initialized wire specification","attr":{"spec":{"incomingExternalClient":{"minWireVersion":0,"maxWireVersion":21},"incomingInternalClient":{"minWireVersion":0,"maxWireVersion":21},"outgoing":{"minWireVersion":6,"maxWireVersion":21},"isInternalClient":true}}}
{"t":{"$date":"2024-03-27T23:00:52.141+00:00"},"s":"I",  "c":"NETWORK",  "id":4648601, "ctx":"main","msg":"Implicit TCP FastOpen unavailable. If TCP FastOpen is required, set tcpFastOpenServer, tcpFastOpenClient, and tcpFastOpenQueueSize."}
{"t":{"$date":"2024-03-27T23:00:52.156+00:00"},"s":"I",  "c":"REPL",     "id":5123008, "ctx":"main","msg":"Successfully registered PrimaryOnlyService","attr":{"service":"TenantMigrationDonorService","namespace":"config.tenantMigrationDonors"}}
{"t":{"$date":"2024-03-27T23:00:52.161+00:00"},"s":"I",  "c":"REPL",     "id":5123008, "ctx":"main","msg":"Successfully registered PrimaryOnlyService","attr":{"service":"TenantMigrationRecipientService","namespace":"config.tenantMigrationRecipients"}}
{"t":{"$date":"2024-03-27T23:00:52.164+00:00"},"s":"I",  "c":"CONTROL",  "id":5945603, "ctx":"main","msg":"Multi threading initialized"}
{"t":{"$date":"2024-03-27T23:00:52.166+00:00"},"s":"I",  "c":"TENANT_M", "id":7091600, "ctx":"main","msg":"Starting TenantMigrationAccessBlockerRegistry"}
{"t":{"$date":"2024-03-27T23:00:52.171+00:00"},"s":"I",  "c":"CONTROL",  "id":4615611, "ctx":"initandlisten","msg":"MongoDB starting","attr":{"pid":1,"port":27017,"dbPath":"/data/db","architecture":"64-bit","host":"806dff9f62db"}}
{"t":{"$date":"2024-03-27T23:00:52.174+00:00"},"s":"I",  "c":"CONTROL",  "id":23403,   "ctx":"initandlisten","msg":"Build Info","attr":{"buildInfo":{"version":"7.0.7","gitVersion":"cfb08e1ab7ef741b4abdd0638351b322514c45bd","openSSLVersion":"OpenSSL 3.0.2 15 Mar 2022","modules":[],"allocator":"tcmalloc","environment":{"distmod":"ubuntu2204","distarch":"aarch64","target_arch":"aarch64"}}}}
{"t":{"$date":"2024-03-27T23:00:52.177+00:00"},"s":"I",  "c":"CONTROL",  "id":51765,   "ctx":"initandlisten","msg":"Operating System","attr":{"os":{"name":"Ubuntu","version":"22.04"}}}
{"t":{"$date":"2024-03-27T23:00:52.180+00:00"},"s":"I",  "c":"CONTROL",  "id":21951,   "ctx":"initandlisten","msg":"Options set by command line","attr":{"options":{"config":"/etc/mongo/mongod.conf","net":{"bindIp":"*"},"security":{"authorization":"enabled"},"systemLog":{"destination":"file","logAppend":true,"path":"/var/log/mongodb/mongod.log","verbosity":0}}}}
{"t":{"$date":"2024-03-27T23:00:52.192+00:00"},"s":"I",  "c":"STORAGE",  "id":22270,   "ctx":"initandlisten","msg":"Storage engine to use detected by data files","attr":{"dbpath":"/data/db","storageEngine":"wiredTiger"}}
{"t":{"$date":"2024-03-27T23:00:52.195+00:00"},"s":"I",  "c":"STORAGE",  "id":22297,   "ctx":"initandlisten","msg":"Using the XFS filesystem is strongly recommended with the WiredTiger storage engine. See http://dochub.mongodb.org/core/prodnotes-filesystem","tags":["startupWarnings"]}
{"t":{"$date":"2024-03-27T23:00:52.197+00:00"},"s":"I",  "c":"STORAGE",  "id":22315,   "ctx":"initandlisten","msg":"Opening WiredTiger","attr":{"config":"create,cache_size=3413M,session_max=33000,eviction=(threads_min=4,threads_max=4),config_base=false,statistics=(fast),log=(enabled=true,remove=true,path=journal,compressor=snappy),builtin_extension_config=(zstd=(compression_level=6)),file_manager=(close_idle_time=600,close_scan_interval=10,close_handle_minimum=2000),statistics_log=(wait=0),json_output=(error,message),verbose=[recovery_progress:1,checkpoint_progress:1,compact_progress:1,backup:0,checkpoint:0,compact:0,evict:0,history_store:0,recovery:0,rts:0,salvage:0,tiered:0,timestamp:0,transaction:0,verify:0,log:0],"}}
{"t":{"$date":"2024-03-27T23:00:57.245+00:00"},"s":"I",  "c":"STORAGE",  "id":4795906, "ctx":"initandlisten","msg":"WiredTiger opened","attr":{"durationMillis":5046}}
{"t":{"$date":"2024-03-27T23:00:57.254+00:00"},"s":"I",  "c":"RECOVERY", "id":23987,   "ctx":"initandlisten","msg":"WiredTiger recoveryTimestamp","attr":{"recoveryTimestamp":{"$timestamp":{"t":0,"i":0}}}}
{"t":{"$date":"2024-03-27T23:00:57.338+00:00"},"s":"W",  "c":"CONTROL",  "id":5123300, "ctx":"initandlisten","msg":"vm.max_map_count is too low","attr":{"currentValue":262144,"recommendedMinimum":1677720,"maxConns":838860},"tags":["startupWarnings"]}
{"t":{"$date":"2024-03-27T23:00:57.352+00:00"},"s":"I",  "c":"NETWORK",  "id":4915702, "ctx":"initandlisten","msg":"Updated wire specification","attr":{"oldSpec":{"incomingExternalClient":{"minWireVersion":0,"maxWireVersion":21},"incomingInternalClient":{"minWireVersion":0,"maxWireVersion":21},"outgoing":{"minWireVersion":6,"maxWireVersion":21},"isInternalClient":true},"newSpec":{"incomingExternalClient":{"minWireVersion":0,"maxWireVersion":21},"incomingInternalClient":{"minWireVersion":21,"maxWireVersion":21},"outgoing":{"minWireVersion":21,"maxWireVersion":21},"isInternalClient":true}}}
{"t":{"$date":"2024-03-27T23:00:57.364+00:00"},"s":"I",  "c":"REPL",     "id":5853300, "ctx":"initandlisten","msg":"current featureCompatibilityVersion value","attr":{"featureCompatibilityVersion":"7.0","context":"startup"}}
{"t":{"$date":"2024-03-27T23:00:57.367+00:00"},"s":"I",  "c":"STORAGE",  "id":5071100, "ctx":"initandlisten","msg":"Clearing temp directory"}
{"t":{"$date":"2024-03-27T23:00:57.369+00:00"},"s":"I",  "c":"CONTROL",  "id":6608200, "ctx":"initandlisten","msg":"Initializing cluster server parameters from disk"}
{"t":{"$date":"2024-03-27T23:00:57.371+00:00"},"s":"I",  "c":"CONTROL",  "id":20536,   "ctx":"initandlisten","msg":"Flow Control is enabled on this deployment"}
{"t":{"$date":"2024-03-27T23:00:57.373+00:00"},"s":"I",  "c":"FTDC",     "id":20625,   "ctx":"initandlisten","msg":"Initializing full-time diagnostic data capture","attr":{"dataDirectory":"/data/db/diagnostic.data"}}
{"t":{"$date":"2024-03-27T23:00:57.428+00:00"},"s":"I",  "c":"REPL",     "id":6015317, "ctx":"initandlisten","msg":"Setting new configuration state","attr":{"newState":"ConfigReplicationDisabled","oldState":"ConfigPreStart"}}
{"t":{"$date":"2024-03-27T23:00:57.432+00:00"},"s":"I",  "c":"STORAGE",  "id":22262,   "ctx":"initandlisten","msg":"Timestamp monitor starting"}
{"t":{"$date":"2024-03-27T23:00:57.589+00:00"},"s":"I",  "c":"NETWORK",  "id":23015,   "ctx":"listener","msg":"Listening on","attr":{"address":"/tmp/mongodb-27017.sock"}}
{"t":{"$date":"2024-03-27T23:00:57.672+00:00"},"s":"I",  "c":"NETWORK",  "id":23015,   "ctx":"listener","msg":"Listening on","attr":{"address":"0.0.0.0"}}
{"t":{"$date":"2024-03-27T23:00:57.683+00:00"},"s":"I",  "c":"NETWORK",  "id":23016,   "ctx":"listener","msg":"Waiting for connections","attr":{"port":27017,"ssl":"off"}}
{"t":{"$date":"2024-03-27T23:00:57.686+00:00"},"s":"I",  "c":"CONTROL",  "id":8423403, "ctx":"initandlisten","msg":"mongod startup complete","attr":{"Summary of time elapsed":{"Startup from clean shutdown?":true,"Statistics":{"Transport layer setup":"0 ms","Run initial syncer crash recovery":"0 ms","Create storage engine lock file in the data directory":"0 ms","Get metadata describing storage engine":"0 ms","Validate options in metadata against current startup options":"0 ms","Create storage engine":"5121 ms","Write current PID to file":"15 ms","Initialize FCV before rebuilding indexes":"19 ms","Drop abandoned idents and get back indexes that need to be rebuilt or builds that need to be restarted":"0 ms","Rebuild indexes for collections":"0 ms","Load cluster parameters from disk for a standalone":"2 ms","Build user and roles graph":"0 ms","Verify indexes for admin.system.users collection":"0 ms","Set up the background thread pool responsible for waiting for opTimes to be majority committed":"0 ms","Initialize information needed to make a mongod instance shard aware":"1 ms","Start up the replication coordinator":"6 ms","Start transport layer":"97 ms","_initAndListen total elapsed time":"5515 ms"}}}}
{"t":{"$date":"2024-03-27T23:01:15.087+00:00"},"s":"I",  "c":"NETWORK",  "id":22943,   "ctx":"listener","msg":"Connection accepted","attr":{"remote":"172.25.0.3:60618","uuid":{"uuid":{"$uuid":"9c7a512d-8e8a-40b4-a626-26e3eec5d448"}},"connectionId":1,"connectionCount":1}}
{"t":{"$date":"2024-03-27T23:01:15.093+00:00"},"s":"I",  "c":"NETWORK",  "id":51800,   "ctx":"conn1","msg":"client metadata","attr":{"remote":"172.25.0.3:60618","client":"conn1","negotiatedCompressors":[],"doc":{"driver":{"name":"mongo-go-driver","version":"v1.14.0"},"os":{"type":"linux","architecture":"arm64"},"platform":"go1.22.1","env":{"container":{"runtime":"docker"}}}}}
{"t":{"$date":"2024-03-27T23:01:15.097+00:00"},"s":"I",  "c":"NETWORK",  "id":22943,   "ctx":"listener","msg":"Connection accepted","attr":{"remote":"172.25.0.3:60634","uuid":{"uuid":{"$uuid":"d3d7bbb7-f259-48eb-866a-ca1e90dac677"}},"connectionId":2,"connectionCount":2}}
{"t":{"$date":"2024-03-27T23:01:15.099+00:00"},"s":"I",  "c":"NETWORK",  "id":22943,   "ctx":"listener","msg":"Connection accepted","attr":{"remote":"172.25.0.3:60620","uuid":{"uuid":{"$uuid":"8aa1adcd-5a70-4737-b515-6535258cbcd4"}},"connectionId":3,"connectionCount":3}}
{"t":{"$date":"2024-03-27T23:01:15.100+00:00"},"s":"I",  "c":"NETWORK",  "id":51800,   "ctx":"conn2","msg":"client metadata","attr":{"remote":"172.25.0.3:60634","client":"conn2","negotiatedCompressors":[],"doc":{"driver":{"name":"mongo-go-driver","version":"v1.14.0"},"os":{"type":"linux","architecture":"arm64"},"platform":"go1.22.1","env":{"container":{"runtime":"docker"}}}}}
{"t":{"$date":"2024-03-27T23:01:15.102+00:00"},"s":"I",  "c":"NETWORK",  "id":51800,   "ctx":"conn3","msg":"client metadata","attr":{"remote":"172.25.0.3:60620","client":"conn3","negotiatedCompressors":[],"doc":{"driver":{"name":"mongo-go-driver","version":"v1.14.0"},"os":{"type":"linux","architecture":"arm64"},"platform":"go1.22.1","env":{"container":{"runtime":"docker"}}}}}
{"t":{"$date":"2024-03-27T23:01:15.110+00:00"},"s":"I",  "c":"ACCESS",   "id":6788604, "ctx":"conn2","msg":"Auth metrics report","attr":{"metric":"acquireUser","micros":0}}
{"t":{"$date":"2024-03-27T23:01:15.114+00:00"},"s":"I",  "c":"ACCESS",   "id":5286306, "ctx":"conn2","msg":"Successfully authenticated","attr":{"client":"172.25.0.3:60634","isSpeculative":true,"isClusterMember":false,"mechanism":"SCRAM-SHA-256","user":"admin","db":"admin","result":0,"metrics":{"conversation_duration":{"micros":4199,"summary":{"0":{"step":1,"step_total":2,"duration_micros":1054},"1":{"step":2,"step_total":2,"duration_micros":37}}}},"extraInfo":{}}}
{"t":{"$date":"2024-03-27T23:01:15.117+00:00"},"s":"I",  "c":"NETWORK",  "id":6788700, "ctx":"conn2","msg":"Received first command on ingress connection since session start or auth handshake","attr":{"elapsedMillis":2}}
{"t":{"$date":"2024-03-27T23:03:05.724+00:00"},"s":"I",  "c":"CONTROL",  "id":23377,   "ctx":"SignalHandler","msg":"Received signal","attr":{"signal":15,"error":"Terminated"}}
{"t":{"$date":"2024-03-27T23:03:05.728+00:00"},"s":"I",  "c":"CONTROL",  "id":23378,   "ctx":"SignalHandler","msg":"Signal was sent by kill(2)","attr":{"pid":0,"uid":0}}
{"t":{"$date":"2024-03-27T23:03:05.730+00:00"},"s":"I",  "c":"CONTROL",  "id":23381,   "ctx":"SignalHandler","msg":"will terminate after current cmd ends"}
{"t":{"$date":"2024-03-27T23:03:05.732+00:00"},"s":"I",  "c":"REPL",     "id":4784900, "ctx":"SignalHandler","msg":"Stepping down the ReplicationCoordinator for shutdown","attr":{"waitTimeMillis":15000}}
{"t":{"$date":"2024-03-27T23:03:05.736+00:00"},"s":"I",  "c":"NETWORK",  "id":22944,   "ctx":"conn2","msg":"Connection ended","attr":{"remote":"172.25.0.3:60634","uuid":{"uuid":{"$uuid":"d3d7bbb7-f259-48eb-866a-ca1e90dac677"}},"connectionId":2,"connectionCount":2}}
{"t":{"$date":"2024-03-27T23:03:05.742+00:00"},"s":"I",  "c":"NETWORK",  "id":22944,   "ctx":"conn3","msg":"Connection ended","attr":{"remote":"172.25.0.3:60620","uuid":{"uuid":{"$uuid":"8aa1adcd-5a70-4737-b515-6535258cbcd4"}},"connectionId":3,"connectionCount":1}}
{"t":{"$date":"2024-03-27T23:03:05.737+00:00"},"s":"I",  "c":"-",        "id":20883,   "ctx":"conn1","msg":"Interrupted operation as its client disconnected","attr":{"opId":1576}}
{"t":{"$date":"2024-03-27T23:03:05.736+00:00"},"s":"I",  "c":"REPL",     "id":4794602, "ctx":"SignalHandler","msg":"Attempting to enter quiesce mode"}
{"t":{"$date":"2024-03-27T23:03:05.752+00:00"},"s":"I",  "c":"-",        "id":6371601, "ctx":"SignalHandler","msg":"Shutting down the FLE Crud thread pool"}
{"t":{"$date":"2024-03-27T23:03:05.753+00:00"},"s":"I",  "c":"COMMAND",  "id":4784901, "ctx":"SignalHandler","msg":"Shutting down the MirrorMaestro"}
{"t":{"$date":"2024-03-27T23:03:05.754+00:00"},"s":"I",  "c":"NETWORK",  "id":22944,   "ctx":"conn1","msg":"Connection ended","attr":{"remote":"172.25.0.3:60618","uuid":{"uuid":{"$uuid":"9c7a512d-8e8a-40b4-a626-26e3eec5d448"}},"connectionId":1,"connectionCount":0}}
{"t":{"$date":"2024-03-27T23:03:05.755+00:00"},"s":"I",  "c":"SHARDING", "id":4784902, "ctx":"SignalHandler","msg":"Shutting down the WaitForMajorityService"}
{"t":{"$date":"2024-03-27T23:03:05.767+00:00"},"s":"I",  "c":"CONTROL",  "id":4784903, "ctx":"SignalHandler","msg":"Shutting down the LogicalSessionCache"}
{"t":{"$date":"2024-03-27T23:03:05.770+00:00"},"s":"I",  "c":"NETWORK",  "id":20562,   "ctx":"SignalHandler","msg":"Shutdown: going to close listening sockets"}
{"t":{"$date":"2024-03-27T23:03:05.771+00:00"},"s":"I",  "c":"NETWORK",  "id":23017,   "ctx":"listener","msg":"removing socket file","attr":{"path":"/tmp/mongodb-27017.sock"}}
{"t":{"$date":"2024-03-27T23:03:05.773+00:00"},"s":"I",  "c":"NETWORK",  "id":4784905, "ctx":"SignalHandler","msg":"Shutting down the global connection pool"}
{"t":{"$date":"2024-03-27T23:03:05.774+00:00"},"s":"I",  "c":"CONTROL",  "id":4784906, "ctx":"SignalHandler","msg":"Shutting down the FlowControlTicketholder"}
{"t":{"$date":"2024-03-27T23:03:05.775+00:00"},"s":"I",  "c":"-",        "id":20520,   "ctx":"SignalHandler","msg":"Stopping further Flow Control ticket acquisitions."}
{"t":{"$date":"2024-03-27T23:03:05.776+00:00"},"s":"I",  "c":"CONTROL",  "id":4784908, "ctx":"SignalHandler","msg":"Shutting down the PeriodicThreadToAbortExpiredTransactions"}
{"t":{"$date":"2024-03-27T23:03:05.777+00:00"},"s":"I",  "c":"REPL",     "id":4784909, "ctx":"SignalHandler","msg":"Shutting down the ReplicationCoordinator"}
{"t":{"$date":"2024-03-27T23:03:05.779+00:00"},"s":"I",  "c":"SHARDING", "id":4784910, "ctx":"SignalHandler","msg":"Shutting down the ShardingInitializationMongoD"}
{"t":{"$date":"2024-03-27T23:03:05.780+00:00"},"s":"I",  "c":"REPL",     "id":4784911, "ctx":"SignalHandler","msg":"Enqueuing the ReplicationStateTransitionLock for shutdown"}
{"t":{"$date":"2024-03-27T23:03:05.780+00:00"},"s":"I",  "c":"-",        "id":4784912, "ctx":"SignalHandler","msg":"Killing all operations for shutdown"}
{"t":{"$date":"2024-03-27T23:03:05.782+00:00"},"s":"I",  "c":"-",        "id":4695300, "ctx":"SignalHandler","msg":"Interrupted all currently running operations","attr":{"opsKilled":3}}
{"t":{"$date":"2024-03-27T23:03:05.783+00:00"},"s":"I",  "c":"TENANT_M", "id":5093807, "ctx":"SignalHandler","msg":"Shutting down all TenantMigrationAccessBlockers on global shutdown"}
{"t":{"$date":"2024-03-27T23:03:05.784+00:00"},"s":"I",  "c":"ASIO",     "id":22582,   "ctx":"TenantMigrationBlockerNet","msg":"Killing all outstanding egress activity."}
{"t":{"$date":"2024-03-27T23:03:05.785+00:00"},"s":"I",  "c":"ASIO",     "id":6529201, "ctx":"SignalHandler","msg":"Network interface redundant shutdown","attr":{"state":"Stopped"}}
{"t":{"$date":"2024-03-27T23:03:05.786+00:00"},"s":"I",  "c":"ASIO",     "id":22582,   "ctx":"SignalHandler","msg":"Killing all outstanding egress activity."}
{"t":{"$date":"2024-03-27T23:03:05.788+00:00"},"s":"I",  "c":"COMMAND",  "id":4784913, "ctx":"SignalHandler","msg":"Shutting down all open transactions"}
{"t":{"$date":"2024-03-27T23:03:05.789+00:00"},"s":"I",  "c":"REPL",     "id":4784914, "ctx":"SignalHandler","msg":"Acquiring the ReplicationStateTransitionLock for shutdown"}
{"t":{"$date":"2024-03-27T23:03:05.790+00:00"},"s":"I",  "c":"INDEX",    "id":4784915, "ctx":"SignalHandler","msg":"Shutting down the IndexBuildsCoordinator"}
{"t":{"$date":"2024-03-27T23:03:05.792+00:00"},"s":"I",  "c":"NETWORK",  "id":4784918, "ctx":"SignalHandler","msg":"Shutting down the ReplicaSetMonitor"}
{"t":{"$date":"2024-03-27T23:03:05.793+00:00"},"s":"I",  "c":"SHARDING", "id":4784921, "ctx":"SignalHandler","msg":"Shutting down the MigrationUtilExecutor"}
{"t":{"$date":"2024-03-27T23:03:05.794+00:00"},"s":"I",  "c":"ASIO",     "id":22582,   "ctx":"MigrationUtil-TaskExecutor","msg":"Killing all outstanding egress activity."}
{"t":{"$date":"2024-03-27T23:03:05.796+00:00"},"s":"I",  "c":"COMMAND",  "id":4784923, "ctx":"SignalHandler","msg":"Shutting down the ServiceEntryPoint"}
{"t":{"$date":"2024-03-27T23:03:05.796+00:00"},"s":"I",  "c":"CONTROL",  "id":4784927, "ctx":"SignalHandler","msg":"Shutting down the HealthLog"}
{"t":{"$date":"2024-03-27T23:03:05.797+00:00"},"s":"I",  "c":"CONTROL",  "id":4784928, "ctx":"SignalHandler","msg":"Shutting down the TTL monitor"}
{"t":{"$date":"2024-03-27T23:03:05.798+00:00"},"s":"I",  "c":"INDEX",    "id":3684100, "ctx":"SignalHandler","msg":"Shutting down TTL collection monitor thread"}
{"t":{"$date":"2024-03-27T23:03:05.799+00:00"},"s":"I",  "c":"INDEX",    "id":3684101, "ctx":"SignalHandler","msg":"Finished shutting down TTL collection monitor thread"}
{"t":{"$date":"2024-03-27T23:03:05.800+00:00"},"s":"I",  "c":"CONTROL",  "id":6278511, "ctx":"SignalHandler","msg":"Shutting down the Change Stream Expired Pre-images Remover"}
{"t":{"$date":"2024-03-27T23:03:05.801+00:00"},"s":"I",  "c":"CONTROL",  "id":4784929, "ctx":"SignalHandler","msg":"Acquiring the global lock for shutdown"}
{"t":{"$date":"2024-03-27T23:03:05.803+00:00"},"s":"I",  "c":"CONTROL",  "id":4784930, "ctx":"SignalHandler","msg":"Shutting down the storage engine"}
{"t":{"$date":"2024-03-27T23:03:05.803+00:00"},"s":"I",  "c":"STORAGE",  "id":22320,   "ctx":"SignalHandler","msg":"Shutting down journal flusher thread"}
{"t":{"$date":"2024-03-27T23:03:05.806+00:00"},"s":"I",  "c":"STORAGE",  "id":22321,   "ctx":"SignalHandler","msg":"Finished shutting down journal flusher thread"}
{"t":{"$date":"2024-03-27T23:03:05.809+00:00"},"s":"I",  "c":"STORAGE",  "id":22322,   "ctx":"SignalHandler","msg":"Shutting down checkpoint thread"}
{"t":{"$date":"2024-03-27T23:03:05.813+00:00"},"s":"I",  "c":"STORAGE",  "id":22323,   "ctx":"SignalHandler","msg":"Finished shutting down checkpoint thread"}
{"t":{"$date":"2024-03-27T23:03:05.814+00:00"},"s":"I",  "c":"STORAGE",  "id":22261,   "ctx":"SignalHandler","msg":"Timestamp monitor shutting down"}
{"t":{"$date":"2024-03-27T23:03:05.815+00:00"},"s":"I",  "c":"STORAGE",  "id":20282,   "ctx":"SignalHandler","msg":"Deregistering all the collections"}
{"t":{"$date":"2024-03-27T23:03:05.816+00:00"},"s":"I",  "c":"STORAGE",  "id":22317,   "ctx":"SignalHandler","msg":"WiredTigerKVEngine shutting down"}
{"t":{"$date":"2024-03-27T23:03:05.818+00:00"},"s":"I",  "c":"STORAGE",  "id":22318,   "ctx":"SignalHandler","msg":"Shutting down session sweeper thread"}
{"t":{"$date":"2024-03-27T23:03:05.823+00:00"},"s":"I",  "c":"STORAGE",  "id":22319,   "ctx":"SignalHandler","msg":"Finished shutting down session sweeper thread"}
{"t":{"$date":"2024-03-27T23:03:05.825+00:00"},"s":"I",  "c":"STORAGE",  "id":4795902, "ctx":"SignalHandler","msg":"Closing WiredTiger","attr":{"closeConfig":"leak_memory=true,use_timestamp=false,"}}
{"t":{"$date":"2024-03-27T23:03:05.861+00:00"},"s":"I",  "c":"STORAGE",  "id":4795901, "ctx":"SignalHandler","msg":"WiredTiger closed","attr":{"durationMillis":36}}
{"t":{"$date":"2024-03-27T23:03:05.863+00:00"},"s":"I",  "c":"STORAGE",  "id":22279,   "ctx":"SignalHandler","msg":"shutdown: removing fs lock..."}
{"t":{"$date":"2024-03-27T23:03:05.864+00:00"},"s":"I",  "c":"-",        "id":4784931, "ctx":"SignalHandler","msg":"Dropping the scope cache for shutdown"}
{"t":{"$date":"2024-03-27T23:03:05.866+00:00"},"s":"I",  "c":"FTDC",     "id":20626,   "ctx":"SignalHandler","msg":"Shutting down full-time diagnostic data capture"}
{"t":{"$date":"2024-03-27T23:03:05.873+00:00"},"s":"I",  "c":"CONTROL",  "id":20565,   "ctx":"SignalHandler","msg":"Now exiting"}
{"t":{"$date":"2024-03-27T23:03:05.875+00:00"},"s":"I",  "c":"CONTROL",  "id":8423404, "ctx":"SignalHandler","msg":"mongod shutdown complete","attr":{"Summary of time elapsed":{"Statistics":{"Enter terminal shutdown":"0 ms","Step down the replication coordinator for shutdown":"5 ms","Time spent in quiesce mode":"16 ms","Shut down FLE Crud subsystem":"0 ms","Shut down MirrorMaestro":"2 ms","Shut down WaitForMajorityService":"8 ms","Shut down the logical session cache":"5 ms","Shut down the transport layer":"5 ms","Shut down the global connection pool":"1 ms","Shut down the flow control ticket holder":"2 ms","Kill all operations for shutdown":"0 ms","Shut down all tenant migration access blockers on global shutdown":"6 ms","Shut down all open transactions":"0 ms","Acquire the RSTL for shutdown":"1 ms","Shut down the IndexBuildsCoordinator and wait for index builds to finish":"3 ms","Shut down the replica set monitor":"0 ms","Shut down the migration util executor":"1 ms","Shut down the health log":"0 ms","Shut down the TTL monitor":"3 ms","Shut down expired pre-images and documents removers":"1 ms","Shut down the storage engine":"62 ms","Wait for the oplog cap maintainer thread to stop":"0 ms","Shut down full-time data capture":"2 ms","shutdownTask total elapsed time":"143 ms"}}}}
{"t":{"$date":"2024-03-27T23:03:05.876+00:00"},"s":"I",  "c":"CONTROL",  "id":23138,   "ctx":"SignalHandler","msg":"Shutting down","attr":{"exitCode":0}}

{"t":{"$date":"2024-03-27T23:05:40.301+00:00"},"s":"I",  "c":"CONTROL",  "id":20698,   "ctx":"main","msg":"***** SERVER RESTARTED *****"}
{"t":{"$date":"2024-03-27T23:05:40.303+00:00"},"s":"I",  "c":"CONTROL",  "id":23285,   "ctx":"main","msg":"Automatically disabling TLS 1.0, to force-enable TLS 1.0 specify --sslDisabledProtocols 'none'"}
{"t":{"$date":"2024-03-27T23:05:40.304+00:00"},"s":"I",  "c":"NETWORK",  "id":4915701, "ctx":"main","msg":"Initialized wire specification","attr":{"spec":{"incomingExternalClient":{"minWireVersion":0,"maxWireVersion":21},"incomingInternalClient":{"minWireVersion":0,"maxWireVersion":21},"outgoing":{"minWireVersion":6,"maxWireVersion":21},"isInternalClient":true}}}
{"t":{"$date":"2024-03-27T23:05:40.307+00:00"},"s":"I",  "c":"NETWORK",  "id":4648601, "ctx":"main","msg":"Implicit TCP FastOpen unavailable. If TCP FastOpen is required, set tcpFastOpenServer, tcpFastOpenClient, and tcpFastOpenQueueSize."}
{"t":{"$date":"2024-03-27T23:05:40.309+00:00"},"s":"I",  "c":"REPL",     "id":5123008, "ctx":"main","msg":"Successfully registered PrimaryOnlyService","attr":{"service":"TenantMigrationDonorService","namespace":"config.tenantMigrationDonors"}}
{"t":{"$date":"2024-03-27T23:05:40.312+00:00"},"s":"I",  "c":"REPL",     "id":5123008, "ctx":"main","msg":"Successfully registered PrimaryOnlyService","attr":{"service":"TenantMigrationRecipientService","namespace":"config.tenantMigrationRecipients"}}
{"t":{"$date":"2024-03-27T23:05:40.312+00:00"},"s":"I",  "c":"CONTROL",  "id":5945603, "ctx":"main","msg":"Multi threading initialized"}
{"t":{"$date":"2024-03-27T23:05:40.313+00:00"},"s":"I",  "c":"TENANT_M", "id":7091600, "ctx":"main","msg":"Starting TenantMigrationAccessBlockerRegistry"}
{"t":{"$date":"2024-03-27T23:05:40.316+00:00"},"s":"I",  "c":"CONTROL",  "id":4615611, "ctx":"initandlisten","msg":"MongoDB starting","attr":{"pid":1,"port":27017,"dbPath":"/data/db","architecture":"64-bit","host":"ce52798be5e5"}}
{"t":{"$date":"2024-03-27T23:05:40.329+00:00"},"s":"I",  "c":"CONTROL",  "id":23403,   "ctx":"initandlisten","msg":"Build Info","attr":{"buildInfo":{"version":"7.0.7","gitVersion":"cfb08e1ab7ef741b4abdd0638351b322514c45bd","openSSLVersion":"OpenSSL 3.0.2 15 Mar 2022","modules":[],"allocator":"tcmalloc","environment":{"distmod":"ubuntu2204","distarch":"aarch64","target_arch":"aarch64"}}}}
{"t":{"$date":"2024-03-27T23:05:40.331+00:00"},"s":"I",  "c":"CONTROL",  "id":51765,   "ctx":"initandlisten","msg":"Operating System","attr":{"os":{"name":"Ubuntu","version":"22.04"}}}
{"t":{"$date":"2024-03-27T23:05:40.336+00:00"},"s":"I",  "c":"CONTROL",  "id":21951,   "ctx":"initandlisten","msg":"Options set by command line","attr":{"options":{"config":"/etc/mongo/mongod.conf","net":{"bindIp":"*"},"security":{"authorization":"enabled"},"systemLog":{"destination":"file","logAppend":true,"path":"/var/log/mongodb/mongod.log","quiet":true,"verbosity":0}}}}
{"t":{"$date":"2024-03-27T23:05:40.346+00:00"},"s":"I",  "c":"STORAGE",  "id":22270,   "ctx":"initandlisten","msg":"Storage engine to use detected by data files","attr":{"dbpath":"/data/db","storageEngine":"wiredTiger"}}
{"t":{"$date":"2024-03-27T23:05:40.348+00:00"},"s":"I",  "c":"STORAGE",  "id":22297,   "ctx":"initandlisten","msg":"Using the XFS filesystem is strongly recommended with the WiredTiger storage engine. See http://dochub.mongodb.org/core/prodnotes-filesystem","tags":["startupWarnings"]}
{"t":{"$date":"2024-03-27T23:05:40.350+00:00"},"s":"I",  "c":"STORAGE",  "id":22315,   "ctx":"initandlisten","msg":"Opening WiredTiger","attr":{"config":"create,cache_size=3413M,session_max=33000,eviction=(threads_min=4,threads_max=4),config_base=false,statistics=(fast),log=(enabled=true,remove=true,path=journal,compressor=snappy),builtin_extension_config=(zstd=(compression_level=6)),file_manager=(close_idle_time=600,close_scan_interval=10,close_handle_minimum=2000),statistics_log=(wait=0),json_output=(error,message),verbose=[recovery_progress:1,checkpoint_progress:1,compact_progress:1,backup:0,checkpoint:0,compact:0,evict:0,history_store:0,recovery:0,rts:0,salvage:0,tiered:0,timestamp:0,transaction:0,verify:0,log:0],"}}
{"t":{"$date":"2024-03-27T23:05:43.509+00:00"},"s":"I",  "c":"STORAGE",  "id":4795906, "ctx":"initandlisten","msg":"WiredTiger opened","attr":{"durationMillis":3155}}
{"t":{"$date":"2024-03-27T23:05:43.514+00:00"},"s":"I",  "c":"RECOVERY", "id":23987,   "ctx":"initandlisten","msg":"WiredTiger recoveryTimestamp","attr":{"recoveryTimestamp":{"$timestamp":{"t":0,"i":0}}}}
{"t":{"$date":"2024-03-27T23:05:43.533+00:00"},"s":"W",  "c":"CONTROL",  "id":5123300, "ctx":"initandlisten","msg":"vm.max_map_count is too low","attr":{"currentValue":262144,"recommendedMinimum":1677720,"maxConns":838860},"tags":["startupWarnings"]}
{"t":{"$date":"2024-03-27T23:05:43.550+00:00"},"s":"I",  "c":"NETWORK",  "id":4915702, "ctx":"initandlisten","msg":"Updated wire specification","attr":{"oldSpec":{"incomingExternalClient":{"minWireVersion":0,"maxWireVersion":21},"incomingInternalClient":{"minWireVersion":0,"maxWireVersion":21},"outgoing":{"minWireVersion":6,"maxWireVersion":21},"isInternalClient":true},"newSpec":{"incomingExternalClient":{"minWireVersion":0,"maxWireVersion":21},"incomingInternalClient":{"minWireVersion":21,"maxWireVersion":21},"outgoing":{"minWireVersion":21,"maxWireVersion":21},"isInternalClient":true}}}
{"t":{"$date":"2024-03-27T23:05:43.553+00:00"},"s":"I",  "c":"REPL",     "id":5853300, "ctx":"initandlisten","msg":"current featureCompatibilityVersion value","attr":{"featureCompatibilityVersion":"7.0","context":"startup"}}
{"t":{"$date":"2024-03-27T23:05:43.555+00:00"},"s":"I",  "c":"STORAGE",  "id":5071100, "ctx":"initandlisten","msg":"Clearing temp directory"}
{"t":{"$date":"2024-03-27T23:05:43.560+00:00"},"s":"I",  "c":"CONTROL",  "id":6608200, "ctx":"initandlisten","msg":"Initializing cluster server parameters from disk"}
{"t":{"$date":"2024-03-27T23:05:43.562+00:00"},"s":"I",  "c":"CONTROL",  "id":20536,   "ctx":"initandlisten","msg":"Flow Control is enabled on this deployment"}
{"t":{"$date":"2024-03-27T23:05:43.567+00:00"},"s":"I",  "c":"FTDC",     "id":20625,   "ctx":"initandlisten","msg":"Initializing full-time diagnostic data capture","attr":{"dataDirectory":"/data/db/diagnostic.data"}}
{"t":{"$date":"2024-03-27T23:05:43.597+00:00"},"s":"I",  "c":"REPL",     "id":6015317, "ctx":"initandlisten","msg":"Setting new configuration state","attr":{"newState":"ConfigReplicationDisabled","oldState":"ConfigPreStart"}}
{"t":{"$date":"2024-03-27T23:05:43.603+00:00"},"s":"I",  "c":"STORAGE",  "id":22262,   "ctx":"initandlisten","msg":"Timestamp monitor starting"}
{"t":{"$date":"2024-03-27T23:05:43.685+00:00"},"s":"I",  "c":"NETWORK",  "id":23015,   "ctx":"listener","msg":"Listening on","attr":{"address":"/tmp/mongodb-27017.sock"}}
{"t":{"$date":"2024-03-27T23:05:43.686+00:00"},"s":"I",  "c":"NETWORK",  "id":23015,   "ctx":"listener","msg":"Listening on","attr":{"address":"0.0.0.0"}}
{"t":{"$date":"2024-03-27T23:05:43.687+00:00"},"s":"I",  "c":"NETWORK",  "id":23016,   "ctx":"listener","msg":"Waiting for connections","attr":{"port":27017,"ssl":"off"}}
{"t":{"$date":"2024-03-27T23:05:43.688+00:00"},"s":"I",  "c":"CONTROL",  "id":8423403, "ctx":"initandlisten","msg":"mongod startup complete","attr":{"Summary of time elapsed":{"Startup from clean shutdown?":true,"Statistics":{"Transport layer setup":"0 ms","Run initial syncer crash recovery":"0 ms","Create storage engine lock file in the data directory":"0 ms","Get metadata describing storage engine":"0 ms","Validate options in metadata against current startup options":"0 ms","Create storage engine":"3169 ms","Write current PID to file":"10 ms","Initialize FCV before rebuilding indexes":"11 ms","Drop abandoned idents and get back indexes that need to be rebuilt or builds that need to be restarted":"0 ms","Rebuild indexes for collections":"0 ms","Load cluster parameters from disk for a standalone":"2 ms","Build user and roles graph":"0 ms","Verify indexes for admin.system.users collection":"0 ms","Set up the background thread pool responsible for waiting for opTimes to be majority committed":"1 ms","Initialize information needed to make a mongod instance shard aware":"1 ms","Start up the replication coordinator":"10 ms","Start transport layer":"4 ms","_initAndListen total elapsed time":"3371 ms"}}}}
{"t":{"$date":"2024-03-27T23:05:58.439+00:00"},"s":"I",  "c":"NETWORK",  "id":51800,   "ctx":"conn1","msg":"client metadata","attr":{"remote":"172.25.0.3:59170","client":"conn1","negotiatedCompressors":[],"doc":{"driver":{"name":"mongo-go-driver","version":"v1.14.0"},"os":{"type":"linux","architecture":"arm64"},"platform":"go1.22.1","env":{"container":{"runtime":"docker"}}}}}
{"t":{"$date":"2024-03-27T23:05:58.455+00:00"},"s":"I",  "c":"NETWORK",  "id":51800,   "ctx":"conn2","msg":"client metadata","attr":{"remote":"172.25.0.3:59194","client":"conn2","negotiatedCompressors":[],"doc":{"driver":{"name":"mongo-go-driver","version":"v1.14.0"},"os":{"type":"linux","architecture":"arm64"},"platform":"go1.22.1","env":{"container":{"runtime":"docker"}}}}}
{"t":{"$date":"2024-03-27T23:05:58.464+00:00"},"s":"I",  "c":"NETWORK",  "id":51800,   "ctx":"conn3","msg":"client metadata","attr":{"remote":"172.25.0.3:59182","client":"conn3","negotiatedCompressors":[],"doc":{"driver":{"name":"mongo-go-driver","version":"v1.14.0"},"os":{"type":"linux","architecture":"arm64"},"platform":"go1.22.1","env":{"container":{"runtime":"docker"}}}}}
{"t":{"$date":"2024-03-27T23:05:58.494+00:00"},"s":"I",  "c":"ACCESS",   "id":6788604, "ctx":"conn2","msg":"Auth metrics report","attr":{"metric":"acquireUser","micros":0}}
{"t":{"$date":"2024-03-27T23:05:58.510+00:00"},"s":"I",  "c":"ACCESS",   "id":5286306, "ctx":"conn2","msg":"Successfully authenticated","attr":{"client":"172.25.0.3:59194","isSpeculative":true,"isClusterMember":false,"mechanism":"SCRAM-SHA-256","user":"admin","db":"admin","result":0,"metrics":{"conversation_duration":{"micros":15728,"summary":{"0":{"step":1,"step_total":2,"duration_micros":2684},"1":{"step":2,"step_total":2,"duration_micros":43}}}},"extraInfo":{}}}
{"t":{"$date":"2024-03-27T23:05:58.515+00:00"},"s":"I",  "c":"NETWORK",  "id":6788700, "ctx":"conn2","msg":"Received first command on ingress connection since session start or auth handshake","attr":{"elapsedMillis":5}}
{"t":{"$date":"2024-03-27T23:11:02.028+00:00"},"s":"I",  "c":"-",        "id":20883,   "ctx":"conn1","msg":"Interrupted operation as its client disconnected","attr":{"opId":3907}}
{"t":{"$date":"2024-03-27T23:22:55.472+00:00"},"s":"I",  "c":"NETWORK",  "id":51800,   "ctx":"conn4","msg":"client metadata","attr":{"remote":"172.25.0.3:34858","client":"conn4","negotiatedCompressors":[],"doc":{"driver":{"name":"mongo-go-driver","version":"v1.14.0"},"os":{"type":"linux","architecture":"arm64"},"platform":"go1.22.1","env":{"container":{"runtime":"docker"}}}}}
{"t":{"$date":"2024-03-27T23:22:55.492+00:00"},"s":"I",  "c":"NETWORK",  "id":51800,   "ctx":"conn5","msg":"client metadata","attr":{"remote":"172.25.0.3:34872","client":"conn5","negotiatedCompressors":[],"doc":{"driver":{"name":"mongo-go-driver","version":"v1.14.0"},"os":{"type":"linux","architecture":"arm64"},"platform":"go1.22.1","env":{"container":{"runtime":"docker"}}}}}
{"t":{"$date":"2024-03-27T23:22:55.492+00:00"},"s":"I",  "c":"NETWORK",  "id":51800,   "ctx":"conn6","msg":"client metadata","attr":{"remote":"172.25.0.3:34874","client":"conn6","negotiatedCompressors":[],"doc":{"driver":{"name":"mongo-go-driver","version":"v1.14.0"},"os":{"type":"linux","architecture":"arm64"},"platform":"go1.22.1","env":{"container":{"runtime":"docker"}}}}}
{"t":{"$date":"2024-03-27T23:22:55.500+00:00"},"s":"I",  "c":"ACCESS",   "id":6788604, "ctx":"conn6","msg":"Auth metrics report","attr":{"metric":"acquireUser","micros":0}}
{"t":{"$date":"2024-03-27T23:22:55.507+00:00"},"s":"I",  "c":"ACCESS",   "id":5286306, "ctx":"conn6","msg":"Successfully authenticated","attr":{"client":"172.25.0.3:34874","isSpeculative":true,"isClusterMember":false,"mechanism":"SCRAM-SHA-256","user":"admin","db":"admin","result":0,"metrics":{"conversation_duration":{"micros":7288,"summary":{"0":{"step":1,"step_total":2,"duration_micros":1964},"1":{"step":2,"step_total":2,"duration_micros":1204}}}},"extraInfo":{}}}
{"t":{"$date":"2024-03-27T23:22:55.511+00:00"},"s":"I",  "c":"NETWORK",  "id":6788700, "ctx":"conn6","msg":"Received first command on ingress connection since session start or auth handshake","attr":{"elapsedMillis":5}}
{"t":{"$date":"2024-03-28T00:05:44.277+00:00"},"s":"W",  "c":"WT",       "id":22430,   "ctx":"thread32","msg":"WiredTiger message","attr":{"message":{"ts_sec":1711584344,"ts_usec":274823,"thread":"1:0xffff85dfebc0","session_name":"sweep-server","category":"WT_VERB_DEFAULT","category_id":9,"verbose_level":"WARNING","verbose_level_id":-2,"msg":"Session 13 (@: 0x0xaaab14074c88 name: EMPTY) did not run a sweep for 60 minutes."}}}
